[19-58-38] Logging Init
[19-58-38] Starting Config Controller
[19-58-38] Config Provider started
[19-58-38] Looking for config files at /Config
[19-58-38] Found PickBan.json. Reading values
[19-58-39] {
  "frontend": {
    "scoreEnabled": true,
    "spellsEnabled": true,
    "coachesEnabled": true,
    "blueTeam": {
      "name": "REDBLUE",
      "nameTag": "RED",
      "score": 0,
      "coach": "RED1",
      "color": "rgb(100,0,245)"
    },
    "redTeam": {
      "name": "FOX",
      "nameTag": "FOX",
      "score": 0,
      "coach": "RED2",
      "color": "rgb(255,19,74)"
    },
    "patch": "12.2.1"
  },
  "FileVersion": "1.0"
}
[19-58-39] Config PickBan loaded
[19-58-39] Found Ingame.json. Reading values
[19-58-39] {
  "Inhib": {
    "Position": {
      "X": 0.0,
      "Y": 845.0
    },
    "Size": {
      "X": 306.0,
      "Y": 118.0
    },
    "UseBackgroundImage": false,
    "UseBackgroundVideo": false,
    "Color": "rgba(19,24,63,255)",
    "Font": {
      "Style": "Normal",
      "Name": "URW DIN",
      "Size": "15px",
      "Align": "right",
      "Color": "rgb(255,255,255)"
    },
    "IconSize": 40.0,
    "HideWhenNoneDestroyed": true,
    "UseTeamColors": true,
    "BlueTeam": {
      "Position": {
        "X": 40.0,
        "Y": 20.0
      },
      "LaneOffset": {
        "X": 100.0,
        "Y": 0.0
      },
      "UseTeamColor": true,
      "Color": "rgb(0,0,0)",
      "IconOffset": {
        "X": 10.0,
        "Y": -24.0
      }
    },
    "RedTeam": {
      "Position": {
        "X": 40.0,
        "Y": 80.0
      },
      "LaneOffset": {
        "X": 100.0,
        "Y": 0.0
      },
      "UseTeamColor": true,
      "Color": "rgb(255,255,255)",
      "IconOffset": {
        "X": 10.0,
        "Y": -24.0
      }
    },
    "LaneOrder": [
      "bot",
      "mid",
      "top"
    ]
  },
  "Score": {
    "Position": {
      "X": 960.0,
      "Y": 0.0
    },
    "Size": {
      "X": 800.0,
      "Y": 92.0
    },
    "TimeFont": {
      "Style": "Normal",
      "Name": "URW DIN",
      "Size": "30px",
      "Align": "center",
      "Color": "rgb(255,255,255)"
    },
    "TimePosition": {
      "X": 0.0,
      "Y": 80.0
    },
    "BlueTeam": {
      "Kills": {
        "Position": {
          "X": -62.0,
          "Y": -1.0
        },
        "Font": {
          "Style": "Bold",
          "Name": "URW DIN",
          "Size": "50px",
          "Align": "right",
          "Color": "rgb(104,0,245)"
        },
        "Icon": {
          "Name": "KillsIcon",
          "Size": {
            "X": 100.0,
            "Y": 100.0
          },
          "Offset": {
            "X": 0.0,
            "Y": 0.0
          }
        }
      },
      "Towers": {
        "Position": {
          "X": -292.0,
          "Y": 15.0
        },
        "Font": {
          "Style": "Normal",
          "Name": "URW DIN",
          "Size": "26px",
          "Align": "right",
          "Color": "rgb(104,0,245)"
        },
        "Icon": {
          "Name": "TowerIcon",
          "Size": {
            "X": 0.0,
            "Y": 0.0
          },
          "Offset": {
            "X": 25.0,
            "Y": 13.0
          }
        }
      },
      "Gold": {
        "Position": {
          "X": -174.0,
          "Y": 15.0
        },
        "Font": {
          "Style": "Normal",
          "Name": "URW DIN",
          "Size": "26px",
          "Align": "right",
          "Color": "rgb(104,0,245)"
        },
        "Icon": {
          "Name": "GoldIcon",
          "Size": {
            "X": 0.0,
            "Y": 0.0
          },
          "Offset": {
            "X": 25.0,
            "Y": 10.0
          }
        }
      },
      "Drakes": {
        "Position": {
          "X": -62.0,
          "Y": 82.0
        },
        "Offset": {
          "X": -12.0,
          "Y": 0.0
        }
      },
      "Name": {
        "UseTag": true,
        "Position": {
          "X": -390.0,
          "Y": 6.0
        },
        "AdaptiveFontSize": true,
        "MaxSize": {
          "X": 100.0,
          "Y": 50.0
        },
        "Font": {
          "Style": "Normal",
          "Name": "URW DIN",
          "Size": "40px",
          "Align": "left",
          "Color": "rgb(255,255,255)"
        }
      },
      "Icon": {
        "Position": {
          "X": -430.0,
          "Y": 30.0
        },
        "Size": {
          "X": 60.0,
          "Y": 60.0
        },
        "UseBackground": true,
        "BackgroundOffset": {
          "X": -10.0,
          "Y": 0.0
        }
      },
      "Score": {
        "Position": {
          "X": -380.0,
          "Y": 70.0
        },
        "NumberFont": {
          "Style": "Normal",
          "Name": "URW DIN",
          "Size": "15px",
          "Align": "right",
          "Color": "rgb(255,255,255)"
        },
        "UseCircleIcons": true,
        "CircleOffset": {
          "X": 25.0,
          "Y": 0.0
        },
        "CircleRadius": 10.0,
        "UseTeamColor": true,
        "StrokeColor": "rgb(255,255,255)",
        "FillColor": "rgb(255,255,255)"
      }
    },
    "RedTeam": {
      "Kills": {
        "Position": {
          "X": 62.0,
          "Y": -1.0
        },
        "Font": {
          "Style": "Normal",
          "Name": "URW DIN",
          "Size": "50px",
          "Align": "left",
          "Color": "rgb(255,19,74)"
        },
        "Icon": {
          "Name": "KillsIcon",
          "Size": {
            "X": 100.0,
            "Y": 100.0
          },
          "Offset": {
            "X": 0.0,
            "Y": 0.0
          }
        }
      },
      "Towers": {
        "Position": {
          "X": 292.0,
          "Y": 15.0
        },
        "Font": {
          "Style": "Normal",
          "Name": "URW DIN",
          "Size": "26px",
          "Align": "left",
          "Color": "rgb(255,19,74)"
        },
        "Icon": {
          "Name": "TowerIcon",
          "Size": {
            "X": 0.0,
            "Y": 0.0
          },
          "Offset": {
            "X": -15.0,
            "Y": 13.0
          }
        }
      },
      "Gold": {
        "Position": {
          "X": 174.0,
          "Y": 15.0
        },
        "Font": {
          "Style": "Normal",
          "Name": "URW DIN",
          "Size": "26px",
          "Align": "left",
          "Color": "rgb(255,19,74)"
        },
        "Icon": {
          "Name": "GoldIcon",
          "Size": {
            "X": 0.0,
            "Y": 0.0
          },
          "Offset": {
            "X": -25.0,
            "Y": 10.0
          }
        }
      },
      "Drakes": {
        "Position": {
          "X": 62.0,
          "Y": 82.0
        },
        "Offset": {
          "X": 12.0,
          "Y": 0.0
        }
      },
      "Name": {
        "UseTag": true,
        "Position": {
          "X": 390.0,
          "Y": 6.0
        },
        "AdaptiveFontSize": true,
        "MaxSize": {
          "X": 100.0,
          "Y": 50.0
        },
        "Font": {
          "Style": "Normal",
          "Name": "URW DIN",
          "Size": "40px",
          "Align": "right",
          "Color": "rgb(255,255,255)"
        }
      },
      "Icon": {
        "Position": {
          "X": 430.0,
          "Y": 30.0
        },
        "Size": {
          "X": 60.0,
          "Y": 60.0
        },
        "UseBackground": true,
        "BackgroundOffset": {
          "X": 10.0,
          "Y": 0.0
        }
      },
      "Score": {
        "Position": {
          "X": 380.0,
          "Y": 70.0
        },
        "NumberFont": {
          "Style": "Normal",
          "Name": "URW DIN",
          "Size": "15px",
          "Align": "left",
          "Color": "rgb(255,255,255)"
        },
        "UseCircleIcons": true,
        "CircleOffset": {
          "X": -25.0,
          "Y": 0.0
        },
        "CircleRadius": 10.0,
        "UseTeamColor": true,
        "StrokeColor": "rgb(255,255,255)",
        "FillColor": "rgb(255,255,255)"
      }
    },
    "Background": {
      "UseImage": true,
      "UseVideo": false,
      "UseAlpha": false,
      "FallbackColor": "rgba(0,0,0,0)"
    },
    "Misc": {
      "Animation": "Simple",
      "ShowCenterIcon": true,
      "CenterIconPosition": {
        "X": 0.0,
        "Y": 30.0
      },
      "CenterIconSize": {
        "X": 40.0,
        "Y": 40.0
      },
      "DrakeIconSize": {
        "X": 20.0,
        "Y": 20.0
      }
    }
  },
  "ObjectiveKill": {
    "ShowTeamIcon": false,
    "SoulPointScoreboardPopUp": {
      "Enabled": false,
      "UseImage": true,
      "UseVideo": false,
      "UseAlpha": true,
      "ForceDisplayDurationForVideo": true,
      "DisplayDuration": 2000.0,
      "AnimationDuration": 1000.0
    },
    "ElderKillScoreboardPopUp": {
      "Enabled": false,
      "UseImage": true,
      "UseVideo": false,
      "UseAlpha": true,
      "ForceDisplayDurationForVideo": true,
      "DisplayDuration": 2000.0,
      "AnimationDuration": 1000.0
    },
    "DragonKillScoreboardPopUp": {
      "Enabled": false,
      "UseImage": true,
      "UseVideo": false,
      "UseAlpha": true,
      "ForceDisplayDurationForVideo": true,
      "DisplayDuration": 2000.0,
      "AnimationDuration": 1000.0
    },
    "BaronKillScoreboardPopUp": {
      "Enabled": false,
      "UseImage": false,
      "UseVideo": false,
      "UseAlpha": true,
      "ForceDisplayDurationForVideo": true,
      "DisplayDuration": 2000.0,
      "AnimationDuration": 1000.0
    },
    "HeraldKillScoreboardPopUp": {
      "Enabled": false,
      "UseImage": true,
      "UseVideo": false,
      "UseAlpha": true,
      "ForceDisplayDurationForVideo": true,
      "DisplayDuration": 2000.0,
      "AnimationDuration": 1000.0
    }
  },
  "ObjectiveSpawn": {
    "BaronSpawnScoreboardPopUp": {
      "Enabled": false,
      "UseImage": false,
      "UseVideo": false,
      "UseAlpha": true,
      "ForceDisplayDurationForVideo": false,
      "DisplayDuration": 2000.0,
      "AnimationDuration": 1000.0
    },
    "DrakeSpawnScoreboardPopUp": {
      "Enabled": false,
      "UseImage": true,
      "UseVideo": false,
      "UseAlpha": true,
      "ForceDisplayDurationForVideo": false,
      "DisplayDuration": 2000.0,
      "AnimationDuration": 1000.0
    },
    "HeraldSpawnScoreboardPopUp": {
      "Enabled": false,
      "UseImage": true,
      "UseVideo": false,
      "UseAlpha": true,
      "ForceDisplayDurationForVideo": false,
      "DisplayDuration": 2000.0,
      "AnimationDuration": 1000.0
    }
  },
  "ItemComplete": {
    "UseCustomVideo": false,
    "ShowItemName": false,
    "ShowOnScoreboard": false,
    "ShowOnChampionIndicator": true,
    "InfoText": {
      "Style": "Normal",
      "Name": "URW DIN",
      "Size": "20px",
      "Align": "center",
      "Color": "rgb(255,255,255)"
    },
    "ItemAnimationStates": [
      {
        "Scale": 0.0,
        "Alpha": 0.0,
        "Position": {
          "X": 0.0,
          "Y": 0.0
        },
        "Mirror": false,
        "Duration": 0.0,
        "Ease": "",
        "Delay": 0.0
      },
      {
        "Scale": 1.0,
        "Alpha": 1.0,
        "Position": {
          "X": 0.0,
          "Y": 0.0
        },
        "Mirror": false,
        "Duration": 400.0,
        "Ease": "Quad.easeIn",
        "Delay": 0.0
      },
      {
        "Scale": 1.1,
        "Alpha": 1.0,
        "Position": {
          "X": 0.0,
          "Y": 0.0
        },
        "Mirror": false,
        "Duration": 3200.0,
        "Ease": "Linear",
        "Delay": 0.0
      },
      {
        "Scale": 2.5,
        "Alpha": 0.0,
        "Position": {
          "X": 0.0,
          "Y": 0.0
        },
        "Mirror": false,
        "Duration": 400.0,
        "Ease": "Quad.easeOut",
        "Delay": 0.0
      }
    ],
    "InfoTextAnimationStates": [
      {
        "Scale": 1.0,
        "Alpha": 0.0,
        "Position": {
          "X": 55.0,
          "Y": 0.0
        },
        "Mirror": true,
        "Duration": 0.0,
        "Ease": "",
        "Delay": 0.0
      },
      {
        "Scale": 1.0,
        "Alpha": 1.0,
        "Position": {
          "X": 55.0,
          "Y": 0.0
        },
        "Mirror": true,
        "Duration": 200.0,
        "Ease": "Quad.easeOut",
        "Delay": 1000.0
      },
      {
        "Scale": 1.0,
        "Alpha": 0.0,
        "Position": {
          "X": 55.0,
          "Y": 0.0
        },
        "Mirror": true,
        "Duration": 200.0,
        "Ease": "Quad.easeIn",
        "Delay": 1800.0
      }
    ],
    "InfoBackgroundAnimationStates": [
      {
        "Scale": 1.0,
        "Alpha": 1.0,
        "Position": {
          "X": 0.0,
          "Y": 80.0
        },
        "Mirror": false,
        "Duration": 0.0,
        "Ease": "",
        "Delay": 0.0
      },
      {
        "Scale": 1.0,
        "Alpha": 1.0,
        "Position": {
          "X": 0.0,
          "Y": 0.0
        },
        "Mirror": false,
        "Duration": 200.0,
        "Ease": "Quad.easeOut",
        "Delay": 800.0
      },
      {
        "Scale": 1.0,
        "Alpha": 1.0,
        "Position": {
          "X": 0.0,
          "Y": -80.0
        },
        "Mirror": false,
        "Duration": 200.0,
        "Ease": "Quad.easeIn",
        "Delay": 2200.0
      }
    ]
  },
  "LevelUp": {
    "UseCustomVideo": false,
    "ShowOnScoreboard": true,
    "ShowOnChampionIndicator": true,
    "LevelFont": {
      "Style": "Normal",
      "Name": "URW DIN",
      "Size": "60px",
      "Align": "center",
      "Color": "rgb(255,255,255)"
    },
    "UseTeamColors": false,
    "OrderColor": "rgb(100,0,245)",
    "ChaosColor": "rgb(255,19,74)",
    "NumberAnimationStates": [
      {
        "Scale": 1.0,
        "Alpha": 1.0,
        "Position": {
          "X": 0.0,
          "Y": 70.0
        },
        "Mirror": true,
        "Duration": 0.0,
        "Ease": "",
        "Delay": 0.0
      },
      {
        "Scale": 1.0,
        "Alpha": 1.0,
        "Position": {
          "X": 0.0,
          "Y": -30.0
        },
        "Mirror": true,
        "Duration": 300.0,
        "Ease": "Quad.easeOut",
        "Delay": 250.0
      },
      {
        "Scale": 1.0,
        "Alpha": 1.0,
        "Position": {
          "X": 0.0,
          "Y": -130.0
        },
        "Mirror": true,
        "Duration": 400.0,
        "Ease": "Quad.easeIn",
        "Delay": 3500.0
      }
    ],
    "BackgroundAnimationStates": [
      {
        "Scale": 1.0,
        "Alpha": 1.0,
        "Position": {
          "X": 0.0,
          "Y": 100.0
        },
        "Mirror": false,
        "Duration": 0.0,
        "Ease": "",
        "Delay": 0.0
      },
      {
        "Scale": 1.0,
        "Alpha": 1.0,
        "Position": {
          "X": 0.0,
          "Y": 0.0
        },
        "Mirror": false,
        "Duration": 300.0,
        "Ease": "Quad.easeOut",
        "Delay": 250.0
      },
      {
        "Scale": 1.0,
        "Alpha": 1.0,
        "Position": {
          "X": -90.0,
          "Y": 0.0
        },
        "Mirror": true,
        "Duration": 400.0,
        "Ease": "Quad.easeIn",
        "Delay": 4000.0
      }
    ]
  },
  "InfoPage": {
    "Position": {
      "X": 0.0,
      "Y": 135.0
    },
    "Title": {
      "Enabled": true,
      "Position": {
        "Gold": {
          "X": 150.0,
          "Y": 15.0
        },
        "XP": {
          "X": 150.0,
          "Y": 15.0
        },
        "CSPM": {
          "X": 150.0,
          "Y": 15.0
        }
      },
      "Font": {
        "Style": "Normal",
        "Name": "URW DIN",
        "Size": "26px",
        "Align": "center",
        "Color": "rgb(255,255,255)"
      }
    },
    "TitleHeight": 45.0,
    "TabConfig": {
      "TabSize": {
        "X": 300.0,
        "Y": 55.0
      },
      "UseTeamColorsText": false,
      "OrderColor": "rgb(255,255,255)",
      "ChaosColor": "rgb(255,255,255)",
      "ChampIcon": {
        "Enabled": true,
        "Position": {
          "Gold": {
            "X": 4.0,
            "Y": 8.0
          },
          "XP": {
            "X": 4.0,
            "Y": 8.0
          },
          "CSPM": {
            "X": 4.0,
            "Y": 8.0
          }
        },
        "Size": {
          "X": 42.0,
          "Y": 42.0
        }
      },
      "Separator": {
        "Enabled": true,
        "Position": {
          "Gold": {
            "X": 0.0,
            "Y": 0.0
          },
          "XP": {
            "X": 0.0,
            "Y": 0.0
          },
          "CSPM": {
            "X": 0.0,
            "Y": 0.0
          }
        },
        "Size": {
          "X": 300.0,
          "Y": 2.0
        }
      },
      "PlayerName": {
        "Enabled": true,
        "Position": {
          "Gold": {
            "X": 54.0,
            "Y": 6.0
          },
          "XP": {
            "X": 54.0,
            "Y": 6.0
          },
          "CSPM": {
            "X": 54.0,
            "Y": 6.0
          }
        },
        "Font": {
          "Style": "Normal",
          "Name": "URW DIN",
          "Size": "15px",
          "Align": "left",
          "Color": "rgb(255,255,255)"
        }
      },
      "MinValue": {
        "Enabled": true,
        "Position": {
          "Gold": {
            "X": 54.0,
            "Y": 22.0
          },
          "XP": {
            "X": 54.0,
            "Y": 22.0
          },
          "CSPM": {
            "X": 54.0,
            "Y": 22.0
          }
        },
        "Font": {
          "Style": "Normal",
          "Name": "URW DIN",
          "Size": "15px",
          "Align": "left",
          "Color": "rgb(255,255,255)"
        }
      },
      "CurrentValue": {
        "Enabled": true,
        "Position": {
          "Gold": {
            "X": 270.0,
            "Y": 15.0
          },
          "XP": {
            "X": 280.0,
            "Y": 15.0
          },
          "CSPM": {
            "X": 280.0,
            "Y": 15.0
          }
        },
        "Font": {
          "Style": "Normal",
          "Name": "URW DIN",
          "Size": "25px",
          "Align": "center",
          "Color": "rgb(255,255,255)"
        }
      },
      "MaxValue": {
        "Enabled": true,
        "Position": {
          "Gold": {
            "X": 230.0,
            "Y": 22.0
          },
          "XP": {
            "X": 260.0,
            "Y": 22.0
          },
          "CSPM": {
            "X": 260.0,
            "Y": 22.0
          }
        },
        "Font": {
          "Style": "Normal",
          "Name": "URW DIN",
          "Size": "15px",
          "Align": "right",
          "Color": "rgb(255,255,255)"
        }
      },
      "ProgressBar": {
        "Enabled": true,
        "Position": {
          "Gold": {
            "X": 52.0,
            "Y": 40.0
          },
          "XP": {
            "X": 52.0,
            "Y": 40.0
          },
          "CSPM": {
            "X": 52.0,
            "Y": 40.0
          }
        },
        "Size": {
          "Gold": {
            "X": 180.0,
            "Y": 10.0
          },
          "XP": {
            "X": 210.0,
            "Y": 10.0
          },
          "CSPM": {
            "X": 210.0,
            "Y": 10.0
          }
        },
        "UseTeamColors": true,
        "DefaultColor": "rgb(255,255,255)",
        "OrderColor": "rgb(1,4,25)",
        "ChaosColor": "rgb(255,19,74)",
        "Animate": true
      }
    },
    "Background": {
      "UseImage": true,
      "UseVideo": false,
      "UseAlpha": false,
      "FallbackColor": "rgb(19, 24, 63)",
      "Size": {
        "X": 300.0,
        "Y": 600.0
      }
    }
  },
  "GoldGraph": {
    "Position": {
      "X": 965.0,
      "Y": 845.0
    },
    "Size": {
      "X": 740.0,
      "Y": 235.0
    },
    "Background": {
      "UseImage": false,
      "UseVideo": false,
      "UseAlpha": false,
      "FallbackColor": "rgba(20,19,22,0)"
    },
    "Title": {
      "Enabled": true,
      "Position": {
        "X": 0.0,
        "Y": 10.0
      },
      "Font": {
        "Style": "Bold",
        "Name": "URW DIN",
        "Size": "22px",
        "Align": "left",
        "Color": "rgb(255,255,255)"
      },
      "Text": "DIFERENÇA DE OURO"
    },
    "Graph": {
      "Position": {
        "X": 5.0,
        "Y": 40.0
      },
      "Size": {
        "X": 710.0,
        "Y": 190.0
      },
      "ShowVerticalGrid": false,
      "ShowHorizontalGrid": true,
      "LineTension": 1.05,
      "GridColor": "rgba(255,255,255, 0.3)",
      "GridEdgeColor": "rgba(255,255,255, 0.4)",
      "BorderUseTeamColors": true,
      "BorderOrderColor": "rgb(0,0,0)",
      "BorderChaosColor": "rgb(0,0,0)",
      "FillUseTeamColors": true,
      "FillOrderColor": "rgb(255,255,255)",
      "FillChaosColor": "rgb(0,0,0)",
      "InfoFont": {
        "Style": "UNUSED",
        "Name": "URW DIN",
        "Size": "UNUSED",
        "Align": "UNUSED",
        "Color": "rgb(255,255,255)"
      },
      "TimeStepSize": 30,
      "ShowTimeStepIndicators": true
    }
  },
  "BaronTimer": {
    "Position": {
      "X": 0.0,
      "Y": 0.0
    },
    "MaskPosition": {
      "X": 0.0,
      "Y": 0.0
    },
    "MaskSize": {
      "X": 150.0,
      "Y": 70.0
    },
    "Scale": 0.0,
    "Align": "right",
    "ShowGoldDiff": false,
    "ShowTimer": false,
    "ObjectiveIcon": false,
    "Animate": false,
    "IconPosition": {
      "X": 0.0,
      "Y": 0.0
    },
    "GoldPosition": {
      "X": 0.0,
      "Y": 0.0
    },
    "GoldIconPosition": {
      "X": -7.0,
      "Y": -25.0
    },
    "GoldFont": {
      "Style": "Bold",
      "Name": "URW DIN",
      "Size": "22px",
      "Align": "right",
      "Color": "rgb(230,190,138)"
    },
    "TimePosition": {
      "X": 0.0,
      "Y": 0.0
    },
    "TimeIconPosition": {
      "X": -10.0,
      "Y": 0.0
    },
    "TimeFont": {
      "Style": "Bold",
      "Name": "URW DIN",
      "Size": "22px",
      "Align": "right",
      "Color": "rgb(230,190,138)"
    }
  },
  "ElderTimer": {
    "Position": {
      "X": 120.0,
      "Y": 55.0
    },
    "MaskPosition": {
      "X": 50.0,
      "Y": 20.0
    },
    "MaskSize": {
      "X": 150.0,
      "Y": 70.0
    },
    "Scale": 0.8,
    "Align": "left",
    "ShowGoldDiff": true,
    "ShowTimer": true,
    "ObjectiveIcon": true,
    "Animate": true,
    "IconPosition": {
      "X": 40.0,
      "Y": 0.0
    },
    "GoldPosition": {
      "X": 18.0,
      "Y": -25.0
    },
    "GoldIconPosition": {
      "X": 22.0,
      "Y": -25.0
    },
    "GoldFont": {
      "Style": "Bold",
      "Name": "URW DIN",
      "Size": "22px",
      "Align": "left",
      "Color": "rgb(230,190,138)"
    },
    "TimePosition": {
      "X": 18.0,
      "Y": 0.0
    },
    "TimeIconPosition": {
      "X": 20.0,
      "Y": -2.0
    },
    "TimeFont": {
      "Style": "Bold",
      "Name": "URW DIN",
      "Size": "22px",
      "Align": "left",
      "Color": "rgb(230,190,138)"
    }
  },
  "GoogleFonts": [
    "News Cycle",
    "News Cycle:bold",
    "Droid Sans"
  ],
  "FileVersion": "2.2"
}
[19-58-39] Config Ingame loaded
[19-58-39] Found Component.json. Reading values
[19-58-39] {
  "DataDragon": {
    "MinimumGoldCost": 2000,
    "Region": "euw",
    "Locale": "pt_BR",
    "CDN": "https://ddragon.leagueoflegends.com/cdn",
    "Patch": "latest"
  },
  "PickBan": {
    "IsActive": true,
    "UseDelay": false,
    "DelayValue": 300,
    "DefaultBlueColor": "rgb(100, 0, 245)",
    "DefaultRedColor": "rgb(255, 19, 74)"
  },
  "Ingame": {
    "IsActive": true,
    "UseLiveEvents": true,
    "DoLevelUp": false,
    "DoItemCompleted": true,
    "SeriesGameCount": 3,
    "Objectives": {
      "DoBaronKill": false,
      "DoDragonKill": false,
      "DoInhibitors": false,
      "DoObjectiveSpawnPopUp": false,
      "DoObjectiveKillPopUp": false
    },
    "Teams": {
      "DoTeamNames": false,
      "DoTeamIcons": false,
      "DoTeamScores": false
    },
    "UseCustomScoreboard": true
  },
  "Replay": {
    "IsActive": true,
    "UseAutoInitUI": true
  },
  "PostGame": {
    "IsActive": false
  },
  "App": {
    "LogLevel": 2,
    "CheckForUpdates": true,
    "UpdateRepositoryUrl": "https://github.com/floh22/LeagueBroadcast",
    "UpdateRepositoryName": "floh22/LeagueBroadcast",
    "LeagueInstall": [
      "C:\\",
      "D:\\",
      "E:\\",
      "F:\\",
      "C:\\Program Files",
      "C:\\Program Files (x86)"
    ],
    "CheckForOffsets": true,
    "OffsetRepository": "https://raw.githubusercontent.com/floh22/LeagueBroadcast/v2/Offsets/",
    "OffsetPrefix": "Offsets-"
  },
  "FileVersion": "1.3"
}
[19-58-39] Config Component loaded
[19-58-39] Loading config watchers
[19-58-39] Watching PickBan.json for changes
[19-58-39] Watching Component.json for changes
[19-58-39] Watching Ingame.json for changes
[19-58-39] Log Level set to Info
[19-58-39] League Broadcast Version 1.4.106
[19-58-39] [Update] Checking for Updates
[19-58-40] [Update] Latest release version v1.4.106 vs. current version 1.4.106
[19-58-40] [Update] Local version up to date
[19-58-40] Using current Version
[19-58-40] Early Init Complete in 2841,0776ms
[19-58-40] DataDragon Provider Init
[19-58-40] Getting latest versions from dataDragon
[19-58-40] Retrieving latest patch info
[19-58-41] Champion: 12.2.1, Item: 12.2.1, CDN: https://ddragon.leagueoflegends.com/cdn
[19-58-41] Loaded 158 champions
[19-58-41] Loaded 16 summoner spells
[19-58-42] Detected 206 items
[19-58-42] Loaded 100 full items
[19-58-42] Checking Local Cache
[19-58-42] Cache C:\Users\daisuke\Desktop\RedFox\IN GAME\RedFox - 1.4.106/Cache/12.2.1 exists already
[19-58-42] DDragon loaded
[19-58-42] Loading PickBan Controller
[19-58-42] Loading Ingame Controller
[19-58-42] Checking League install for LiveEventsAPI
[19-58-42] Found League install location
[19-58-42] LiveEvents API found in Game config
[19-58-42] [WARNING] Could not parse game config. Replay API may not be enabled!
[19-58-42] Verifying LiveEvents list
[19-58-42] Loading Replay Controller
[19-58-42] Loading Farsight
[19-58-42] Farsight loaded. Found 158 Champ names
[19-58-42] Loading Frontend Webserver (HTTP/WS)
[19-58-43] Server file system starting
[19-58-43] WebServer New State - Loading
[19-58-43] WebServer New State - Listening
[19-58-43] WebServer running on http://*:9001/
[19-58-43] Whats that ticking noise?
[19-58-43] Init Complete in 2.770s
[19-58-43] Opening main window
[19-58-43] Connection State Changed
[19-58-44] Loading State Controller
[19-58-44] Connecting to League Client
[19-58-44] PickBan Enabled
[19-58-44] Ingame Enabled
[19-58-44] Using direct PickBan
[19-58-44] Starting LeagueBroadcast with tickrate of 2tps
[19-58-44] Checking for running Game
[19-58-44] Post Init Complete in 1109,4643ms
[19-58-44] Total Startup time: 6.722s
[20-21-00] Connection State Changed
[20-21-00] Connected to League Client in 1336425 ms
[20-21-07] Local Client Version 12.2.1
[20-21-07] Loading offsets for current patch
[20-21-07] Found Farsight.json. Reading values
[20-21-07] Config Farsight loaded
[20-21-07] Watching Farsight.json for changes
[20-21-07] Using offsets 12.2.1
[20-21-20] Target process (League of Legends) detected.
[20-21-20] Init Game State
[20-21-20] Game State reset
[20-21-20] Connection State Changed
[20-21-45] Game Loaded
[20-21-45] Game Paused
[20-21-45] LiveEventAPI Connected
[20-21-46] Init UI
[20-21-47] [WARNING] App Crash detected. Writing Crash report to CrashLogs\Crash-2022-01-22-20-21.log
